C:\Program Files (x86)\Microsoft Visual Studio\2019\Community\MSBuild\Microsoft\VC\v160\Microsoft.CppBuild.targets(477,5): warning MSB8004: Output Directory does not end with a trailing slash.  This build instance will add the slash as it is required to allow proper evaluation of the Output Directory.
  CheckRouteFound.c
  DSR.c
C:\Users\Hanuman\Desktop\R & D\IDS_for_LEACH_v12.2\WorkSpace_IDS_in_LEACH\src\Simulation\DSR\DSR.c(88,36): warning C4013: 'fn_NetSim_DSR_MaliciousNode' undefined; assuming extern returning int
C:\Users\Hanuman\Desktop\R & D\IDS_for_LEACH_v12.2\WorkSpace_IDS_in_LEACH\src\Simulation\DSR\DSR.c(140,55): warning C4013: 'fn_NetSim_DSR_MaliciousProcessSourceRouteOption' undefined; assuming extern returning int
  LEACH.c
C:\Users\Hanuman\Desktop\R & D\IDS_for_LEACH_v12.2\WorkSpace_IDS_in_LEACH\src\Simulation\ZigBee\802_15_4.h(312,2): warning C4995: 'PROPAGATION_HANDLE': name was marked as #pragma deprecated
C:\Users\Hanuman\Desktop\R & D\IDS_for_LEACH_v12.2\WorkSpace_IDS_in_LEACH\src\Simulation\DSR\LEACH.c(44,1): warning C4010: single-line comment contains line-continuation character
C:\Users\Hanuman\Desktop\R & D\IDS_for_LEACH_v12.2\WorkSpace_IDS_in_LEACH\src\Simulation\DSR\LEACH.c(45,1): warning C4010: single-line comment contains line-continuation character
C:\Users\Hanuman\Desktop\R & D\IDS_for_LEACH_v12.2\WorkSpace_IDS_in_LEACH\src\Simulation\DSR\LEACH.c(46,1): warning C4010: single-line comment contains line-continuation character
C:\Users\Hanuman\Desktop\R & D\IDS_for_LEACH_v12.2\WorkSpace_IDS_in_LEACH\src\Simulation\DSR\LEACH.c(94,45): warning C4013: 'fn_NetSim_LEACH_AssignClusterHead' undefined; assuming extern returning int
C:\Users\Hanuman\Desktop\R & D\IDS_for_LEACH_v12.2\WorkSpace_IDS_in_LEACH\src\Simulation\DSR\LEACH.c(121,47): warning C4013: 'fn_NetSim_LEACH_IdentifyCluster' undefined; assuming extern returning int
C:\Users\Hanuman\Desktop\R & D\IDS_for_LEACH_v12.2\WorkSpace_IDS_in_LEACH\src\Simulation\DSR\LEACH.c(77,12): warning C4101: 'nInterface': unreferenced local variable
C:\Users\Hanuman\Desktop\R & D\IDS_for_LEACH_v12.2\WorkSpace_IDS_in_LEACH\src\Simulation\DSR\LEACH.c(165,34): warning C4013: 'fn_NetSim_DSR_MaliciousNode' undefined; assuming extern returning int
C:\Users\Hanuman\Desktop\R & D\IDS_for_LEACH_v12.2\WorkSpace_IDS_in_LEACH\src\Simulation\DSR\LEACH.c(168,28): warning C4013: 'find_ip_in_blacklist' undefined; assuming extern returning int
  MaintBuffer.c
  Malicious.c
  Network_Layer_Ack.c
  PacketProcessing.c
C:\Users\Hanuman\Desktop\R & D\IDS_for_LEACH_v12.2\WorkSpace_IDS_in_LEACH\src\Simulation\DSR\PacketProcessing.c(36,28): warning C4013: 'fn_NetSim_LEACH_GetNextHop' undefined; assuming extern returning int
  Pathrater.c
C:\Users\Hanuman\Desktop\R & D\IDS_for_LEACH_v12.2\WorkSpace_IDS_in_LEACH\src\Simulation\DSR\Pathrater.c(62,6): warning C4101: 'n': unreferenced local variable
C:\Users\Hanuman\Desktop\R & D\IDS_for_LEACH_v12.2\WorkSpace_IDS_in_LEACH\src\Simulation\DSR\Pathrater.c(71,6): warning C4101: 'n': unreferenced local variable
  RouteCache.c
  RouteError.c
  RouteReply.c
  RouteRequest.c
  SendBuffer.c
  SourceRoute.c
C:\Users\Hanuman\Desktop\R & D\IDS_for_LEACH_v12.2\WorkSpace_IDS_in_LEACH\src\Simulation\DSR\SourceRoute.c(64,38): warning C4013: 'fn_NetSim_LEACH_CheckDestination' undefined; assuming extern returning int
  Generating Code...
C:\Users\Hanuman\Desktop\R & D\IDS_for_LEACH_v12.2\WorkSpace_IDS_in_LEACH\src\Simulation\DSR\LEACH.c(196): warning C4715: 'fn_NetSim_LEACH_IdentifyCluster': not all control paths return a value
C:\Program Files (x86)\Microsoft Visual Studio\2019\Community\MSBuild\Microsoft\VC\v160\Microsoft.CppBuild.targets(1316,5): warning MSB8012: TargetPath(C:\Users\Hanuman\Desktop\R & D\IDS_for_LEACH_v12.2\WorkSpace_IDS_in_LEACH\src\Simulation\DSR\..\..\..\bin\bin_x64\DSR.dll) does not match the Linker's OutputFile property value (C:\Users\Hanuman\Desktop\R & D\IDS_for_LEACH_v12.2\WorkSpace_IDS_in_LEACH\bin\bin_x64\libDSR.dll). This may cause your project to build incorrectly. To correct this, please make sure that $(OutDir), $(TargetName) and $(TargetExt) property values match the value specified in %(Link.OutputFile).
C:\Program Files (x86)\Microsoft Visual Studio\2019\Community\MSBuild\Microsoft\VC\v160\Microsoft.CppBuild.targets(1318,5): warning MSB8012: TargetName(DSR) does not match the Linker's OutputFile property value (libDSR). This may cause your project to build incorrectly. To correct this, please make sure that $(OutDir), $(TargetName) and $(TargetExt) property values match the value specified in %(Link.OutputFile).
CheckRouteFound.obj : warning LNK4075: ignoring '/EDITANDCONTINUE' due to '/INCREMENTAL:NO' specification
  List.lib(List.obj) : MSIL .netmodule or module compiled with /GL found; restarting link with /LTCG; add /LTCG to the link command line to improve linker performance
CheckRouteFound.obj : warning LNK4075: ignoring '/EDITANDCONTINUE' due to '/INCREMENTAL:NO' specification
     Creating library ..\..\..\bin\bin_x64\DSR.lib and object ..\..\..\bin\bin_x64\DSR.exp
LINK : warning LNK4098: defaultlib 'MSVCRT' conflicts with use of other libs; use /NODEFAULTLIB:library
  Generating code
  Finished generating code
List.lib(List.obj) : warning LNK4099: PDB 'List.pdb' was not found with 'List.lib(List.obj)' or at 'C:\Users\Hanuman\Desktop\R & D\IDS_for_LEACH_v12.2\WorkSpace_IDS_in_LEACH\bin\bin_x64\List.pdb'; linking object as if no debug info
DSR.lib(DSR.obj) : warning LNK4099: PDB 'DSRLib.pdb' was not found with 'DSR.lib(DSR.obj)' or at 'C:\Users\Hanuman\Desktop\R & D\IDS_for_LEACH_v12.2\WorkSpace_IDS_in_LEACH\bin\bin_x64\DSRLib.pdb'; linking object as if no debug info
DSR.lib(LinkLayerAck.obj) : warning LNK4099: PDB 'DSRLib.pdb' was not found with 'DSR.lib(LinkLayerAck.obj)' or at 'C:\Users\Hanuman\Desktop\R & D\IDS_for_LEACH_v12.2\WorkSpace_IDS_in_LEACH\bin\bin_x64\DSRLib.pdb'; linking object as if no debug info
  DSR.vcxproj -> C:\Users\Hanuman\Desktop\R & D\IDS_for_LEACH_v12.2\WorkSpace_IDS_in_LEACH\src\Simulation\DSR\..\..\..\bin\bin_x64\DSR.dll
